<?xml version="1.0" encoding="UTF-8"?>
<!-- Generated by org.testng.reporters.JUnitReportReporter -->
<testsuite skipped="0" hostname="TAOYE" name="AutomationMain" tests="1" failures="0" timestamp="30 Nov 2018 21:55:13 GMT" time="133.233" errors="0">
  <testcase name="appTesting" time="133.233" classname="AutomationMain"/>
</testsuite> <!-- AutomationMain -->
