<?xml version="1.0" encoding="UTF-8"?>
<!-- Generated by org.testng.reporters.JUnitReportReporter -->
<testsuite skipped="0" hostname="DESKTOP-EGRA6FR" name="pseudoMain" tests="1" failures="0" timestamp="18 Sep 2018 16:02:00 GMT" time="43.240" errors="0">
  <testcase name="launchApp" time="43.240" classname="pseudoMain"/>
</testsuite> <!-- pseudoMain -->
