<?xml version="1.0" encoding="UTF-8"?>
<!-- Generated by org.testng.reporters.JUnitReportReporter -->
<testsuite skipped="0" hostname="TAOYE" name="AutomationMain" tests="1" failures="0" timestamp="15 Jan 2019 19:24:20 GMT" time="165.964" errors="0">
  <testcase name="appTesting" time="165.964" classname="AutomationMain"/>
</testsuite> <!-- AutomationMain -->
