<?xml version="1.0" encoding="UTF-8"?>
<!-- Generated by org.testng.reporters.JUnitReportReporter -->
<testsuite skipped="0" hostname="TAOYE" name="AutomationMain" tests="1" failures="0" timestamp="14 Dec 2018 16:33:52 GMT" time="168.850" errors="0">
  <testcase name="appTesting" time="168.850" classname="AutomationMain"/>
</testsuite> <!-- AutomationMain -->
