<?xml version="1.0" encoding="UTF-8"?>
<!-- Generated by org.testng.reporters.JUnitReportReporter -->
<testsuite skipped="0" hostname="TAOYE" name="AutomationMain" tests="1" failures="0" timestamp="09 Jan 2019 15:00:13 GMT" time="99.905" errors="0">
  <testcase name="appTesting" time="99.905" classname="AutomationMain"/>
</testsuite> <!-- AutomationMain -->
